{
  "stats": {
    "suites": 2,
    "tests": 2,
    "passes": 1,
    "pending": 0,
    "failures": 1,
    "testsRegistered": 2,
    "passPercent": 50,
    "pendingPercent": 0,
    "other": 0,
    "hasOther": false,
    "skipped": 0,
    "hasSkipped": false,
    "start": "2023-05-30T12:41:38.011Z",
    "end": "2023-05-30T12:42:01.952Z",
    "duration": 23941
  },
  "results": [
    {
      "uuid": "1ff22234-642b-4770-bd31-93e38a77b83f",
      "title": "",
      "fullFile": "cypress\\e2e\\spec.cy.ts",
      "file": "cypress\\e2e\\spec.cy.ts",
      "beforeHooks": [],
      "afterHooks": [],
      "tests": [],
      "suites": [
        {
          "uuid": "791b85f7-044a-43e6-96c6-3e43c7eea08f",
          "title": "Working with APIs",
          "fullFile": "",
          "file": "",
          "beforeHooks": [],
          "afterHooks": [],
          "tests": [
            {
              "title": "Verify global feed likes count",
              "fullTitle": "Working with APIs Verify global feed likes count",
              "timedOut": null,
              "duration": 2468,
              "state": "passed",
              "speed": "fast",
              "pass": true,
              "fail": false,
              "pending": false,
              "context": null,
              "code": "cy.intercept(\"GET\", Cypress.env(\"apiUrl\") + \"/api/articles/feed*\", {\n    articles: [],\n    articlesCount: 0,\n});\ncy.intercept(\"GET\", Cypress.env(\"apiUrl\") + \"/api/articles*\", {\n    fixture: \"articles.json\",\n});\ncy.contains(\"Global Feed\").click();\ncy.get(\"app-favorite-button\").then((heartList) => {\n    expect(heartList[0]).to.contain(1);\n    expect(heartList[1]).to.contain(5);\n});\ncy.fixture(\"articles.json\").then((obj) => {\n    const articleLink = obj.articles[1].slug;\n    obj.articles[1].favoritesCount = 6;\n    cy.intercept(\"POST\", `${Cypress.env(\"apiUrl\")}/api/articles/${articleLink}/favorite`, obj);\n});\ncy.get(\"app-favorite-button\").eq(1).click().should(\"contain\", \"6\");\ncy.get(\"app-favorite-button\").eq(1).should(\"contain\", \"6\");",
              "err": {},
              "uuid": "ab4d82d0-2398-47f5-bc15-e99e5493c575",
              "parentUUID": "791b85f7-044a-43e6-96c6-3e43c7eea08f",
              "isHook": false,
              "skipped": false
            }
          ],
          "suites": [],
          "passes": [
            "ab4d82d0-2398-47f5-bc15-e99e5493c575"
          ],
          "failures": [],
          "pending": [],
          "skipped": [],
          "duration": 2468,
          "root": false,
          "rootEmpty": false,
          "_timeout": 2000
        }
      ],
      "passes": [],
      "failures": [],
      "pending": [],
      "skipped": [],
      "duration": 0,
      "root": true,
      "rootEmpty": true,
      "_timeout": 2000
    },
    {
      "uuid": "386f5b53-1f78-438b-87c9-a2c027e0625a",
      "title": "",
      "fullFile": "cypress\\e2e\\advancedFeatures.cy.ts",
      "file": "cypress\\e2e\\advancedFeatures.cy.ts",
      "beforeHooks": [],
      "afterHooks": [],
      "tests": [],
      "suites": [
        {
          "uuid": "9f59d65a-6324-4d11-81fe-d20a0e811419",
          "title": "Test logout",
          "fullFile": "",
          "file": "",
          "beforeHooks": [],
          "afterHooks": [],
          "tests": [
            {
              "title": "Verify user can logout successfully",
              "fullTitle": "Test logout Verify user can logout successfully",
              "timedOut": null,
              "duration": 5958,
              "state": "failed",
              "speed": null,
              "pass": false,
              "fail": true,
              "pending": false,
              "context": null,
              "code": "cy.contains(\"Settings\").click();\ncy.contains(\"Or click here to logout\").click();\ncy.get(\".navbar-nav\").should(\"contain\", \"Sign up1\");",
              "err": {
                "message": "AssertionError: Timed out retrying after 4000ms: expected '<ul.nav.navbar-nav.pull-xs-right>' to contain 'Sign up1'",
                "estack": "AssertionError: Timed out retrying after 4000ms: expected '<ul.nav.navbar-nav.pull-xs-right>' to contain 'Sign up1'\n    at Context.eval (webpack:///./cypress/e2e/advancedFeatures.cy.ts:9:26)",
                "diff": null
              },
              "uuid": "0b7e29a0-f24f-4ec4-ac48-30891080c12e",
              "parentUUID": "9f59d65a-6324-4d11-81fe-d20a0e811419",
              "isHook": false,
              "skipped": false
            }
          ],
          "suites": [],
          "passes": [],
          "failures": [
            "0b7e29a0-f24f-4ec4-ac48-30891080c12e"
          ],
          "pending": [],
          "skipped": [],
          "duration": 5958,
          "root": false,
          "rootEmpty": false,
          "_timeout": 2000
        }
      ],
      "passes": [],
      "failures": [],
      "pending": [],
      "skipped": [],
      "duration": 0,
      "root": true,
      "rootEmpty": true,
      "_timeout": 2000
    }
  ],
  "meta": {
    "mocha": {
      "version": "7.0.1"
    },
    "mochawesome": {
      "options": {
        "quiet": false,
        "reportFilename": "mochawesome",
        "saveHtml": false,
        "saveJson": true,
        "consoleReporter": "spec",
        "useInlineDiffs": false,
        "code": true
      },
      "version": "7.1.3"
    },
    "marge": {
      "options": {
        "id": "default",
        "reportDir": "cypress/results/mochawesome",
        "overwrite": false,
        "html": false,
        "json": true
      },
      "version": "6.2.0"
    }
  }
}