<?xml version="1.0" encoding="UTF-8"?>
<testsuites name="Mocha Tests" time="2.512" tests="1" failures="0">
  <testsuite name="Root Suite" timestamp="2023-05-30T12:41:59" tests="0" file="cypress\e2e\spec.cy.ts" time="0.000" failures="0">
  </testsuite>
  <testsuite name="Working with APIs" timestamp="2023-05-30T12:41:59" tests="1" time="2.495" failures="0">
    <testcase name="Working with APIs Verify global feed likes count" time="2.468" classname="Verify global feed likes count">
    </testcase>
  </testsuite>
</testsuites>